This is pdfTeX, Version 3.1415926-2.5-1.40.14 (TeX Live 2013/Debian) (format=pdflatex 2016.3.30)  10 JUN 2016 23:24
entering extended mode
 restricted \write18 enabled.
 %&-line parsing enabled.
**LPi.tex
(./LPi.tex
LaTeX2e <2011/06/27>
Babel <3.9h> and hyphenation patterns for 78 languages loaded.
(/usr/share/texlive/texmf-dist/tex/latex/base/report.cls
Document Class: report 2007/10/19 v1.4h Standard LaTeX document class
(/usr/share/texlive/texmf-dist/tex/latex/base/size12.clo
File: size12.clo 2007/10/19 v1.4h Standard LaTeX file (size option)
)
\c@part=\count79
\c@chapter=\count80
\c@section=\count81
\c@subsection=\count82
\c@subsubsection=\count83
\c@paragraph=\count84
\c@subparagraph=\count85
\c@figure=\count86
\c@table=\count87
\abovecaptionskip=\skip41
\belowcaptionskip=\skip42
\bibindent=\dimen102
)
(/usr/share/texlive/texmf-dist/tex/latex/base/inputenc.sty
Package: inputenc 2008/03/30 v1.1d Input encoding file
\inpenc@prehook=\toks14
\inpenc@posthook=\toks15

(/usr/share/texlive/texmf-dist/tex/latex/base/utf8.def
File: utf8.def 2008/04/05 v1.1m UTF-8 support for inputenc
Now handling font encoding OML ...
... no UTF-8 mapping file for font encoding OML
Now handling font encoding T1 ...
... processing UTF-8 mapping file for font encoding T1

(/usr/share/texlive/texmf-dist/tex/latex/base/t1enc.dfu
File: t1enc.dfu 2008/04/05 v1.1m UTF-8 support for inputenc
   defining Unicode char U+00A1 (decimal 161)
   defining Unicode char U+00A3 (decimal 163)
   defining Unicode char U+00AB (decimal 171)
   defining Unicode char U+00BB (decimal 187)
   defining Unicode char U+00BF (decimal 191)
   defining Unicode char U+00C0 (decimal 192)
   defining Unicode char U+00C1 (decimal 193)
   defining Unicode char U+00C2 (decimal 194)
   defining Unicode char U+00C3 (decimal 195)
   defining Unicode char U+00C4 (decimal 196)
   defining Unicode char U+00C5 (decimal 197)
   defining Unicode char U+00C6 (decimal 198)
   defining Unicode char U+00C7 (decimal 199)
   defining Unicode char U+00C8 (decimal 200)
   defining Unicode char U+00C9 (decimal 201)
   defining Unicode char U+00CA (decimal 202)
   defining Unicode char U+00CB (decimal 203)
   defining Unicode char U+00CC (decimal 204)
   defining Unicode char U+00CD (decimal 205)
   defining Unicode char U+00CE (decimal 206)
   defining Unicode char U+00CF (decimal 207)
   defining Unicode char U+00D0 (decimal 208)
   defining Unicode char U+00D1 (decimal 209)
   defining Unicode char U+00D2 (decimal 210)
   defining Unicode char U+00D3 (decimal 211)
   defining Unicode char U+00D4 (decimal 212)
   defining Unicode char U+00D5 (decimal 213)
   defining Unicode char U+00D6 (decimal 214)
   defining Unicode char U+00D8 (decimal 216)
   defining Unicode char U+00D9 (decimal 217)
   defining Unicode char U+00DA (decimal 218)
   defining Unicode char U+00DB (decimal 219)
   defining Unicode char U+00DC (decimal 220)
   defining Unicode char U+00DD (decimal 221)
   defining Unicode char U+00DE (decimal 222)
   defining Unicode char U+00DF (decimal 223)
   defining Unicode char U+00E0 (decimal 224)
   defining Unicode char U+00E1 (decimal 225)
   defining Unicode char U+00E2 (decimal 226)
   defining Unicode char U+00E3 (decimal 227)
   defining Unicode char U+00E4 (decimal 228)
   defining Unicode char U+00E5 (decimal 229)
   defining Unicode char U+00E6 (decimal 230)
   defining Unicode char U+00E7 (decimal 231)
   defining Unicode char U+00E8 (decimal 232)
   defining Unicode char U+00E9 (decimal 233)
   defining Unicode char U+00EA (decimal 234)
   defining Unicode char U+00EB (decimal 235)
   defining Unicode char U+00EC (decimal 236)
   defining Unicode char U+00ED (decimal 237)
   defining Unicode char U+00EE (decimal 238)
   defining Unicode char U+00EF (decimal 239)
   defining Unicode char U+00F0 (decimal 240)
   defining Unicode char U+00F1 (decimal 241)
   defining Unicode char U+00F2 (decimal 242)
   defining Unicode char U+00F3 (decimal 243)
   defining Unicode char U+00F4 (decimal 244)
   defining Unicode char U+00F5 (decimal 245)
   defining Unicode char U+00F6 (decimal 246)
   defining Unicode char U+00F8 (decimal 248)
   defining Unicode char U+00F9 (decimal 249)
   defining Unicode char U+00FA (decimal 250)
   defining Unicode char U+00FB (decimal 251)
   defining Unicode char U+00FC (decimal 252)
   defining Unicode char U+00FD (decimal 253)
   defining Unicode char U+00FE (decimal 254)
   defining Unicode char U+00FF (decimal 255)
   defining Unicode char U+0102 (decimal 258)
   defining Unicode char U+0103 (decimal 259)
   defining Unicode char U+0104 (decimal 260)
   defining Unicode char U+0105 (decimal 261)
   defining Unicode char U+0106 (decimal 262)
   defining Unicode char U+0107 (decimal 263)
   defining Unicode char U+010C (decimal 268)
   defining Unicode char U+010D (decimal 269)
   defining Unicode char U+010E (decimal 270)
   defining Unicode char U+010F (decimal 271)
   defining Unicode char U+0110 (decimal 272)
   defining Unicode char U+0111 (decimal 273)
   defining Unicode char U+0118 (decimal 280)
   defining Unicode char U+0119 (decimal 281)
   defining Unicode char U+011A (decimal 282)
   defining Unicode char U+011B (decimal 283)
   defining Unicode char U+011E (decimal 286)
   defining Unicode char U+011F (decimal 287)
   defining Unicode char U+0130 (decimal 304)
   defining Unicode char U+0131 (decimal 305)
   defining Unicode char U+0132 (decimal 306)
   defining Unicode char U+0133 (decimal 307)
   defining Unicode char U+0139 (decimal 313)
   defining Unicode char U+013A (decimal 314)
   defining Unicode char U+013D (decimal 317)
   defining Unicode char U+013E (decimal 318)
   defining Unicode char U+0141 (decimal 321)
   defining Unicode char U+0142 (decimal 322)
   defining Unicode char U+0143 (decimal 323)
   defining Unicode char U+0144 (decimal 324)
   defining Unicode char U+0147 (decimal 327)
   defining Unicode char U+0148 (decimal 328)
   defining Unicode char U+014A (decimal 330)
   defining Unicode char U+014B (decimal 331)
   defining Unicode char U+0150 (decimal 336)
   defining Unicode char U+0151 (decimal 337)
   defining Unicode char U+0152 (decimal 338)
   defining Unicode char U+0153 (decimal 339)
   defining Unicode char U+0154 (decimal 340)
   defining Unicode char U+0155 (decimal 341)
   defining Unicode char U+0158 (decimal 344)
   defining Unicode char U+0159 (decimal 345)
   defining Unicode char U+015A (decimal 346)
   defining Unicode char U+015B (decimal 347)
   defining Unicode char U+015E (decimal 350)
   defining Unicode char U+015F (decimal 351)
   defining Unicode char U+0160 (decimal 352)
   defining Unicode char U+0161 (decimal 353)
   defining Unicode char U+0162 (decimal 354)
   defining Unicode char U+0163 (decimal 355)
   defining Unicode char U+0164 (decimal 356)
   defining Unicode char U+0165 (decimal 357)
   defining Unicode char U+016E (decimal 366)
   defining Unicode char U+016F (decimal 367)
   defining Unicode char U+0170 (decimal 368)
   defining Unicode char U+0171 (decimal 369)
   defining Unicode char U+0178 (decimal 376)
   defining Unicode char U+0179 (decimal 377)
   defining Unicode char U+017A (decimal 378)
   defining Unicode char U+017B (decimal 379)
   defining Unicode char U+017C (decimal 380)
   defining Unicode char U+017D (decimal 381)
   defining Unicode char U+017E (decimal 382)
   defining Unicode char U+200C (decimal 8204)
   defining Unicode char U+2013 (decimal 8211)
   defining Unicode char U+2014 (decimal 8212)
   defining Unicode char U+2018 (decimal 8216)
   defining Unicode char U+2019 (decimal 8217)
   defining Unicode char U+201A (decimal 8218)
   defining Unicode char U+201C (decimal 8220)
   defining Unicode char U+201D (decimal 8221)
   defining Unicode char U+201E (decimal 8222)
   defining Unicode char U+2030 (decimal 8240)
   defining Unicode char U+2031 (decimal 8241)
   defining Unicode char U+2039 (decimal 8249)
   defining Unicode char U+203A (decimal 8250)
   defining Unicode char U+2423 (decimal 9251)
)
Now handling font encoding OT1 ...
... processing UTF-8 mapping file for font encoding OT1

(/usr/share/texlive/texmf-dist/tex/latex/base/ot1enc.dfu
File: ot1enc.dfu 2008/04/05 v1.1m UTF-8 support for inputenc
   defining Unicode char U+00A1 (decimal 161)
   defining Unicode char U+00A3 (decimal 163)
   defining Unicode char U+00B8 (decimal 184)
   defining Unicode char U+00BF (decimal 191)
   defining Unicode char U+00C5 (decimal 197)
   defining Unicode char U+00C6 (decimal 198)
   defining Unicode char U+00D8 (decimal 216)
   defining Unicode char U+00DF (decimal 223)
   defining Unicode char U+00E6 (decimal 230)
   defining Unicode char U+00EC (decimal 236)
   defining Unicode char U+00ED (decimal 237)
   defining Unicode char U+00EE (decimal 238)
   defining Unicode char U+00EF (decimal 239)
   defining Unicode char U+00F8 (decimal 248)
   defining Unicode char U+0131 (decimal 305)
   defining Unicode char U+0141 (decimal 321)
   defining Unicode char U+0142 (decimal 322)
   defining Unicode char U+0152 (decimal 338)
   defining Unicode char U+0153 (decimal 339)
   defining Unicode char U+2013 (decimal 8211)
   defining Unicode char U+2014 (decimal 8212)
   defining Unicode char U+2018 (decimal 8216)
   defining Unicode char U+2019 (decimal 8217)
   defining Unicode char U+201C (decimal 8220)
   defining Unicode char U+201D (decimal 8221)
)
Now handling font encoding OMS ...
... processing UTF-8 mapping file for font encoding OMS

(/usr/share/texlive/texmf-dist/tex/latex/base/omsenc.dfu
File: omsenc.dfu 2008/04/05 v1.1m UTF-8 support for inputenc
   defining Unicode char U+00A7 (decimal 167)
   defining Unicode char U+00B6 (decimal 182)
   defining Unicode char U+00B7 (decimal 183)
   defining Unicode char U+2020 (decimal 8224)
   defining Unicode char U+2021 (decimal 8225)
   defining Unicode char U+2022 (decimal 8226)
)
Now handling font encoding OMX ...
... no UTF-8 mapping file for font encoding OMX
Now handling font encoding U ...
... no UTF-8 mapping file for font encoding U
   defining Unicode char U+00A9 (decimal 169)
   defining Unicode char U+00AA (decimal 170)
   defining Unicode char U+00AE (decimal 174)
   defining Unicode char U+00BA (decimal 186)
   defining Unicode char U+02C6 (decimal 710)
   defining Unicode char U+02DC (decimal 732)
   defining Unicode char U+200C (decimal 8204)
   defining Unicode char U+2026 (decimal 8230)
   defining Unicode char U+2122 (decimal 8482)
   defining Unicode char U+2423 (decimal 9251)
))
(/usr/share/texlive/texmf-dist/tex/latex/vntex/vietnam.sty
Package: vietnam 2009/07/12 v1.3 support for Vietnamese

(/usr/share/texlive/texmf-dist/tex/latex/base/ifthen.sty
Package: ifthen 2001/05/26 v1.1c Standard LaTeX ifthen package (DPC)
)
(/usr/share/texlive/texmf-dist/tex/latex/base/fontenc.sty
Package: fontenc 2005/09/27 v1.99g Standard LaTeX package

(/usr/share/texlive/texmf-dist/tex/latex/vntex/t5enc.def
File: t5enc.def 2006/11/21 v1.4 Vietnamese T5 encoding
Now handling font encoding T5 ...
... processing UTF-8 mapping file for font encoding T5

(/usr/share/texlive/texmf-dist/tex/latex/vntex/t5enc.dfu
File: t5enc.dfu 2006/08/19 v1.1 UTF8 support for Vietnamese
   defining Unicode char U+00AB (decimal 171)
   defining Unicode char U+00BB (decimal 187)
   defining Unicode char U+00C0 (decimal 192)
   defining Unicode char U+00C1 (decimal 193)
   defining Unicode char U+00C2 (decimal 194)
   defining Unicode char U+00C3 (decimal 195)
   defining Unicode char U+00C8 (decimal 200)
   defining Unicode char U+00C9 (decimal 201)
   defining Unicode char U+00CA (decimal 202)
   defining Unicode char U+00CC (decimal 204)
   defining Unicode char U+00CD (decimal 205)
   defining Unicode char U+00D2 (decimal 210)
   defining Unicode char U+00D3 (decimal 211)
   defining Unicode char U+00D4 (decimal 212)
   defining Unicode char U+00D5 (decimal 213)
   defining Unicode char U+00D9 (decimal 217)
   defining Unicode char U+00DA (decimal 218)
   defining Unicode char U+00DD (decimal 221)
   defining Unicode char U+00E0 (decimal 224)
   defining Unicode char U+00E1 (decimal 225)
   defining Unicode char U+00E2 (decimal 226)
   defining Unicode char U+00E3 (decimal 227)
   defining Unicode char U+00E8 (decimal 232)
   defining Unicode char U+00E9 (decimal 233)
   defining Unicode char U+00EA (decimal 234)
   defining Unicode char U+00EC (decimal 236)
   defining Unicode char U+00ED (decimal 237)
   defining Unicode char U+00F2 (decimal 242)
   defining Unicode char U+00F3 (decimal 243)
   defining Unicode char U+00F4 (decimal 244)
   defining Unicode char U+00F5 (decimal 245)
   defining Unicode char U+00F9 (decimal 249)
   defining Unicode char U+00FA (decimal 250)
   defining Unicode char U+00FD (decimal 253)
   defining Unicode char U+0102 (decimal 258)
   defining Unicode char U+0103 (decimal 259)
   defining Unicode char U+0110 (decimal 272)
   defining Unicode char U+0111 (decimal 273)
   defining Unicode char U+0128 (decimal 296)
   defining Unicode char U+0129 (decimal 297)
   defining Unicode char U+0131 (decimal 305)
   defining Unicode char U+0168 (decimal 360)
   defining Unicode char U+0169 (decimal 361)
   defining Unicode char U+01A0 (decimal 416)
   defining Unicode char U+01A1 (decimal 417)
   defining Unicode char U+01AF (decimal 431)
   defining Unicode char U+01B0 (decimal 432)
   defining Unicode char U+1EA0 (decimal 7840)
   defining Unicode char U+1EA1 (decimal 7841)
   defining Unicode char U+1EA2 (decimal 7842)
   defining Unicode char U+1EA3 (decimal 7843)
   defining Unicode char U+1EA4 (decimal 7844)
   defining Unicode char U+1EA5 (decimal 7845)
   defining Unicode char U+1EA6 (decimal 7846)
   defining Unicode char U+1EA7 (decimal 7847)
   defining Unicode char U+1EA8 (decimal 7848)
   defining Unicode char U+1EA9 (decimal 7849)
   defining Unicode char U+1EAA (decimal 7850)
   defining Unicode char U+1EAB (decimal 7851)
   defining Unicode char U+1EAC (decimal 7852)
   defining Unicode char U+1EAD (decimal 7853)
   defining Unicode char U+1EAE (decimal 7854)
   defining Unicode char U+1EAF (decimal 7855)
   defining Unicode char U+1EB0 (decimal 7856)
   defining Unicode char U+1EB1 (decimal 7857)
   defining Unicode char U+1EB2 (decimal 7858)
   defining Unicode char U+1EB3 (decimal 7859)
   defining Unicode char U+1EB4 (decimal 7860)
   defining Unicode char U+1EB5 (decimal 7861)
   defining Unicode char U+1EB6 (decimal 7862)
   defining Unicode char U+1EB7 (decimal 7863)
   defining Unicode char U+1EB8 (decimal 7864)
   defining Unicode char U+1EB9 (decimal 7865)
   defining Unicode char U+1EBA (decimal 7866)
   defining Unicode char U+1EBB (decimal 7867)
   defining Unicode char U+1EBC (decimal 7868)
   defining Unicode char U+1EBD (decimal 7869)
   defining Unicode char U+1EBE (decimal 7870)
   defining Unicode char U+1EBF (decimal 7871)
   defining Unicode char U+1EC0 (decimal 7872)
   defining Unicode char U+1EC1 (decimal 7873)
   defining Unicode char U+1EC2 (decimal 7874)
   defining Unicode char U+1EC3 (decimal 7875)
   defining Unicode char U+1EC4 (decimal 7876)
   defining Unicode char U+1EC5 (decimal 7877)
   defining Unicode char U+1EC6 (decimal 7878)
   defining Unicode char U+1EC7 (decimal 7879)
   defining Unicode char U+1EC8 (decimal 7880)
   defining Unicode char U+1EC9 (decimal 7881)
   defining Unicode char U+1ECA (decimal 7882)
   defining Unicode char U+1ECB (decimal 7883)
   defining Unicode char U+1ECC (decimal 7884)
   defining Unicode char U+1ECD (decimal 7885)
   defining Unicode char U+1ECE (decimal 7886)
   defining Unicode char U+1ECF (decimal 7887)
   defining Unicode char U+1ED0 (decimal 7888)
   defining Unicode char U+1ED1 (decimal 7889)
   defining Unicode char U+1ED2 (decimal 7890)
   defining Unicode char U+1ED3 (decimal 7891)
   defining Unicode char U+1ED4 (decimal 7892)
   defining Unicode char U+1ED5 (decimal 7893)
   defining Unicode char U+1ED6 (decimal 7894)
   defining Unicode char U+1ED7 (decimal 7895)
   defining Unicode char U+1ED8 (decimal 7896)
   defining Unicode char U+1ED9 (decimal 7897)
   defining Unicode char U+1EDA (decimal 7898)
   defining Unicode char U+1EDB (decimal 7899)
   defining Unicode char U+1EDC (decimal 7900)
   defining Unicode char U+1EDD (decimal 7901)
   defining Unicode char U+1EDE (decimal 7902)
   defining Unicode char U+1EDF (decimal 7903)
   defining Unicode char U+1EE0 (decimal 7904)
   defining Unicode char U+1EE1 (decimal 7905)
   defining Unicode char U+1EE2 (decimal 7906)
   defining Unicode char U+1EE3 (decimal 7907)
   defining Unicode char U+1EE4 (decimal 7908)
   defining Unicode char U+1EE5 (decimal 7909)
   defining Unicode char U+1EE6 (decimal 7910)
   defining Unicode char U+1EE7 (decimal 7911)
   defining Unicode char U+1EE8 (decimal 7912)
   defining Unicode char U+1EE9 (decimal 7913)
   defining Unicode char U+1EEA (decimal 7914)
   defining Unicode char U+1EEB (decimal 7915)
   defining Unicode char U+1EEC (decimal 7916)
   defining Unicode char U+1EED (decimal 7917)
   defining Unicode char U+1EEE (decimal 7918)
   defining Unicode char U+1EEF (decimal 7919)
   defining Unicode char U+1EF0 (decimal 7920)
   defining Unicode char U+1EF1 (decimal 7921)
   defining Unicode char U+1EF2 (decimal 7922)
   defining Unicode char U+1EF3 (decimal 7923)
   defining Unicode char U+1EF4 (decimal 7924)
   defining Unicode char U+1EF5 (decimal 7925)
   defining Unicode char U+1EF6 (decimal 7926)
   defining Unicode char U+1EF7 (decimal 7927)
   defining Unicode char U+1EF8 (decimal 7928)
   defining Unicode char U+1EF9 (decimal 7929)
   defining Unicode char U+200C (decimal 8204)
   defining Unicode char U+2013 (decimal 8211)
   defining Unicode char U+2014 (decimal 8212)
   defining Unicode char U+2018 (decimal 8216)
   defining Unicode char U+2019 (decimal 8217)
   defining Unicode char U+201A (decimal 8218)
   defining Unicode char U+201C (decimal 8220)
   defining Unicode char U+201D (decimal 8221)
   defining Unicode char U+201E (decimal 8222)
   defining Unicode char U+2030 (decimal 8240)
   defining Unicode char U+2031 (decimal 8241)
   defining Unicode char U+2039 (decimal 8249)
   defining Unicode char U+203A (decimal 8250)
   defining Unicode char U+2423 (decimal 9251)
))
LaTeX Font Info:    Try loading font information for T5+cmr on input line 100.

(/usr/share/texlive/texmf-dist/tex/latex/vntex/t5cmr.fd
File: t5cmr.fd 1999/05/25 v2.5h Standard LaTeX font definitions
)) (./vncaps.tex
File: vncaps.tex 2006/06/07 v1.1 Captions in Vietnamese
))
(/usr/share/texlive/texmf-dist/tex/latex/amsmath/amsmath.sty
Package: amsmath 2013/01/14 v2.14 AMS math features
\@mathmargin=\skip43

For additional information on amsmath, use the `?' option.
(/usr/share/texlive/texmf-dist/tex/latex/amsmath/amstext.sty
Package: amstext 2000/06/29 v2.01

(/usr/share/texlive/texmf-dist/tex/latex/amsmath/amsgen.sty
File: amsgen.sty 1999/11/30 v2.0
\@emptytoks=\toks16
\ex@=\dimen103
))
(/usr/share/texlive/texmf-dist/tex/latex/amsmath/amsbsy.sty
Package: amsbsy 1999/11/29 v1.2d
\pmbraise@=\dimen104
)
(/usr/share/texlive/texmf-dist/tex/latex/amsmath/amsopn.sty
Package: amsopn 1999/12/14 v2.01 operator names
)
\inf@bad=\count88
LaTeX Info: Redefining \frac on input line 210.
\uproot@=\count89
\leftroot@=\count90
LaTeX Info: Redefining \overline on input line 306.
\classnum@=\count91
\DOTSCASE@=\count92
LaTeX Info: Redefining \ldots on input line 378.
LaTeX Info: Redefining \dots on input line 381.
LaTeX Info: Redefining \cdots on input line 466.
\Mathstrutbox@=\box26
\strutbox@=\box27
\big@size=\dimen105
LaTeX Font Info:    Redeclaring font encoding OML on input line 566.
LaTeX Font Info:    Redeclaring font encoding OMS on input line 567.
\macc@depth=\count93
\c@MaxMatrixCols=\count94
\dotsspace@=\muskip10
\c@parentequation=\count95
\dspbrk@lvl=\count96
\tag@help=\toks17
\row@=\count97
\column@=\count98
\maxfields@=\count99
\andhelp@=\toks18
\eqnshift@=\dimen106
\alignsep@=\dimen107
\tagshift@=\dimen108
\tagwidth@=\dimen109
\totwidth@=\dimen110
\lineht@=\dimen111
\@envbody=\toks19
\multlinegap=\skip44
\multlinetaggap=\skip45
\mathdisplay@stack=\toks20
LaTeX Info: Redefining \[ on input line 2665.
LaTeX Info: Redefining \] on input line 2666.
)
(/usr/share/texlive/texmf-dist/tex/latex/amsfonts/amsfonts.sty
Package: amsfonts 2013/01/14 v3.01 Basic AMSFonts support
\symAMSa=\mathgroup4
\symAMSb=\mathgroup5
LaTeX Font Info:    Overwriting math alphabet `\mathfrak' in version `bold'
(Font)                  U/euf/m/n --> U/euf/b/n on input line 106.
)
(/usr/share/texlive/texmf-dist/tex/latex/amsfonts/amssymb.sty
Package: amssymb 2013/01/14 v3.01 AMS font symbols
)
(/usr/share/texlive/texmf-dist/tex/latex/type1cm/type1cm.sty
Package: type1cm 2002/09/05 v0.04 BlueSky/Y&Y Type1 CM font definitions (DPC, p
atched RF)
)
(/usr/share/texlive/texmf-dist/tex/latex/graphics/graphicx.sty
Package: graphicx 1999/02/16 v1.0f Enhanced LaTeX Graphics (DPC,SPQR)

(/usr/share/texlive/texmf-dist/tex/latex/graphics/keyval.sty
Package: keyval 1999/03/16 v1.13 key=value parser (DPC)
\KV@toks@=\toks21
)
(/usr/share/texlive/texmf-dist/tex/latex/graphics/graphics.sty
Package: graphics 2009/02/05 v1.0o Standard LaTeX Graphics (DPC,SPQR)

(/usr/share/texlive/texmf-dist/tex/latex/graphics/trig.sty
Package: trig 1999/03/16 v1.09 sin cos tan (DPC)
)
(/usr/share/texlive/texmf-dist/tex/latex/latexconfig/graphics.cfg
File: graphics.cfg 2010/04/23 v1.9 graphics configuration of TeX Live
)
Package graphics Info: Driver file: pdftex.def on input line 91.

(/usr/share/texlive/texmf-dist/tex/latex/pdftex-def/pdftex.def
File: pdftex.def 2011/05/27 v0.06d Graphics/color for pdfTeX

(/usr/share/texlive/texmf-dist/tex/generic/oberdiek/infwarerr.sty
Package: infwarerr 2010/04/08 v1.3 Providing info/warning/error messages (HO)
)
(/usr/share/texlive/texmf-dist/tex/generic/oberdiek/ltxcmds.sty
Package: ltxcmds 2011/11/09 v1.22 LaTeX kernel commands for general use (HO)
)
\Gread@gobject=\count100
))
\Gin@req@height=\dimen112
\Gin@req@width=\dimen113
)
(/usr/share/texlive/texmf-dist/tex/latex/subfig/subfig.sty
Package: subfig 2005/06/28 ver: 1.3 subfig package

(/usr/share/texlive/texmf-dist/tex/latex/caption/caption.sty
Package: caption 2013/05/02 v3.3-89 Customizing captions (AR)

(/usr/share/texlive/texmf-dist/tex/latex/caption/caption3.sty
Package: caption3 2013/05/02 v1.6-88 caption3 kernel (AR)
Package caption3 Info: TeX engine: e-TeX on input line 57.
\captionmargin=\dimen114
\captionmargin@=\dimen115
\captionwidth=\dimen116
\caption@tempdima=\dimen117
\caption@indent=\dimen118
\caption@parindent=\dimen119
\caption@hangindent=\dimen120
)
\c@ContinuedFloat=\count101
)
\c@KVtest=\count102
\sf@farskip=\skip46
\sf@captopadj=\dimen121
\sf@capskip=\skip47
\sf@nearskip=\skip48
\c@subfigure=\count103
\c@subfigure@save=\count104
\c@lofdepth=\count105
\c@subtable=\count106
\c@subtable@save=\count107
\c@lotdepth=\count108
\sf@top=\skip49
\sf@bottom=\skip50
)
(/usr/share/texlive/texmf-dist/tex/latex/hyperref/hyperref.sty
Package: hyperref 2012/11/06 v6.83m Hypertext links for LaTeX

(/usr/share/texlive/texmf-dist/tex/generic/oberdiek/hobsub-hyperref.sty
Package: hobsub-hyperref 2012/05/28 v1.13 Bundle oberdiek, subset hyperref (HO)


(/usr/share/texlive/texmf-dist/tex/generic/oberdiek/hobsub-generic.sty
Package: hobsub-generic 2012/05/28 v1.13 Bundle oberdiek, subset generic (HO)
Package: hobsub 2012/05/28 v1.13 Construct package bundles (HO)
Package hobsub Info: Skipping package `infwarerr' (already loaded).
Package hobsub Info: Skipping package `ltxcmds' (already loaded).
Package: ifluatex 2010/03/01 v1.3 Provides the ifluatex switch (HO)
Package ifluatex Info: LuaTeX not detected.
Package: ifvtex 2010/03/01 v1.5 Detect VTeX and its facilities (HO)
Package ifvtex Info: VTeX not detected.
Package: intcalc 2007/09/27 v1.1 Expandable calculations with integers (HO)
Package: ifpdf 2011/01/30 v2.3 Provides the ifpdf switch (HO)
Package ifpdf Info: pdfTeX in PDF mode is detected.
Package: etexcmds 2011/02/16 v1.5 Avoid name clashes with e-TeX commands (HO)
Package etexcmds Info: Could not find \expanded.
(etexcmds)             That can mean that you are not using pdfTeX 1.50 or
(etexcmds)             that some package has redefined \expanded.
(etexcmds)             In the latter case, load this package earlier.
Package: kvsetkeys 2012/04/25 v1.16 Key value parser (HO)
Package: kvdefinekeys 2011/04/07 v1.3 Define keys (HO)
Package: pdftexcmds 2011/11/29 v0.20 Utility functions of pdfTeX for LuaTeX (HO
)
Package pdftexcmds Info: LuaTeX not detected.
Package pdftexcmds Info: \pdf@primitive is available.
Package pdftexcmds Info: \pdf@ifprimitive is available.
Package pdftexcmds Info: \pdfdraftmode found.
Package: pdfescape 2011/11/25 v1.13 Implements pdfTeX's escape features (HO)
Package: bigintcalc 2012/04/08 v1.3 Expandable calculations on big integers (HO
)
Package: bitset 2011/01/30 v1.1 Handle bit-vector datatype (HO)
Package: uniquecounter 2011/01/30 v1.2 Provide unlimited unique counter (HO)
)
Package hobsub Info: Skipping package `hobsub' (already loaded).
Package: letltxmacro 2010/09/02 v1.4 Let assignment for LaTeX macros (HO)
Package: hopatch 2012/05/28 v1.2 Wrapper for package hooks (HO)
Package: xcolor-patch 2011/01/30 xcolor patch
Package: atveryend 2011/06/30 v1.8 Hooks at the very end of document (HO)
Package atveryend Info: \enddocument detected (standard20110627).
Package: atbegshi 2011/10/05 v1.16 At begin shipout hook (HO)
Package: refcount 2011/10/16 v3.4 Data extraction from label references (HO)
Package: hycolor 2011/01/30 v1.7 Color options for hyperref/bookmark (HO)
)
(/usr/share/texlive/texmf-dist/tex/generic/ifxetex/ifxetex.sty
Package: ifxetex 2010/09/12 v0.6 Provides ifxetex conditional
)
(/usr/share/texlive/texmf-dist/tex/latex/oberdiek/auxhook.sty
Package: auxhook 2011/03/04 v1.3 Hooks for auxiliary files (HO)
)
(/usr/share/texlive/texmf-dist/tex/latex/oberdiek/kvoptions.sty
Package: kvoptions 2011/06/30 v3.11 Key value format for package options (HO)
)
\@linkdim=\dimen122
\Hy@linkcounter=\count109
\Hy@pagecounter=\count110

(/usr/share/texlive/texmf-dist/tex/latex/hyperref/pd1enc.def
File: pd1enc.def 2012/11/06 v6.83m Hyperref: PDFDocEncoding definition (HO)
Now handling font encoding PD1 ...
... no UTF-8 mapping file for font encoding PD1
)
\Hy@SavedSpaceFactor=\count111

(/usr/share/texlive/texmf-dist/tex/latex/latexconfig/hyperref.cfg
File: hyperref.cfg 2002/06/06 v1.2 hyperref configuration of TeXLive
)
Package hyperref Info: Option `unicode' set `true' on input line 4319.

(/usr/share/texlive/texmf-dist/tex/latex/hyperref/puenc.def
File: puenc.def 2012/11/06 v6.83m Hyperref: PDF Unicode definition (HO)
Now handling font encoding PU ...
... no UTF-8 mapping file for font encoding PU
)
Package hyperref Info: Hyper figures OFF on input line 4443.
Package hyperref Info: Link nesting OFF on input line 4448.
Package hyperref Info: Hyper index ON on input line 4451.
Package hyperref Info: Plain pages OFF on input line 4458.
Package hyperref Info: Backreferencing OFF on input line 4463.
Package hyperref Info: Implicit mode ON; LaTeX internals redefined.
Package hyperref Info: Bookmarks ON on input line 4688.
\c@Hy@tempcnt=\count112

(/usr/share/texlive/texmf-dist/tex/latex/url/url.sty
\Urlmuskip=\muskip11
Package: url 2013/09/16  ver 3.4  Verb mode for urls, etc.
)
LaTeX Info: Redefining \url on input line 5041.
\XeTeXLinkMargin=\dimen123
\Fld@menulength=\count113
\Field@Width=\dimen124
\Fld@charsize=\dimen125
Package hyperref Info: Hyper figures OFF on input line 6295.
Package hyperref Info: Link nesting OFF on input line 6300.
Package hyperref Info: Hyper index ON on input line 6303.
Package hyperref Info: backreferencing OFF on input line 6310.
Package hyperref Info: Link coloring OFF on input line 6315.
Package hyperref Info: Link coloring with OCG OFF on input line 6320.
Package hyperref Info: PDF/A mode OFF on input line 6325.
LaTeX Info: Redefining \ref on input line 6365.
LaTeX Info: Redefining \pageref on input line 6369.
\Hy@abspage=\count114
\c@Item=\count115
\c@Hfootnote=\count116
)

Package hyperref Message: Driver (autodetected): hpdftex.

(/usr/share/texlive/texmf-dist/tex/latex/hyperref/hpdftex.def
File: hpdftex.def 2012/11/06 v6.83m Hyperref driver for pdfTeX
\Fld@listcount=\count117
\c@bookmark@seq@number=\count118

(/usr/share/texlive/texmf-dist/tex/latex/oberdiek/rerunfilecheck.sty
Package: rerunfilecheck 2011/04/15 v1.7 Rerun checks for auxiliary files (HO)
Package uniquecounter Info: New unique counter `rerunfilecheck' on input line 2
82.
)
\Hy@SectionHShift=\skip51
)
(/usr/share/texlive/texmf-dist/tex/latex/tools/indentfirst.sty
Package: indentfirst 1995/11/23 v1.03 Indent first paragraph (DPC)
)
(/usr/share/texlive/texmf-dist/tex/latex/listings/listings.sty
\lst@mode=\count119
\lst@gtempboxa=\box28
\lst@token=\toks22
\lst@length=\count120
\lst@currlwidth=\dimen126
\lst@column=\count121
\lst@pos=\count122
\lst@lostspace=\dimen127
\lst@width=\dimen128
\lst@newlines=\count123
\lst@lineno=\count124
\lst@maxwidth=\dimen129

(/usr/share/texlive/texmf-dist/tex/latex/listings/lstmisc.sty
File: lstmisc.sty 2013/08/26 1.5b (Carsten Heinz)
\c@lstnumber=\count125
\lst@skipnumbers=\count126
\lst@framebox=\box29
)
(/usr/share/texlive/texmf-dist/tex/latex/listings/listings.cfg
File: listings.cfg 2013/08/26 1.5b listings configuration
))
Package: listings 2013/08/26 1.5b (Carsten Heinz)

(/usr/share/texlive/texmf-dist/tex/latex/graphics/color.sty
Package: color 2005/11/14 v1.0j Standard LaTeX Color (DPC)

(/usr/share/texlive/texmf-dist/tex/latex/latexconfig/color.cfg
File: color.cfg 2007/01/18 v1.5 color configuration of teTeX/TeXLive
)
Package color Info: Driver file: pdftex.def on input line 130.
)
(/usr/share/texlive/texmf-dist/tex/latex/geometry/geometry.sty
Package: geometry 2010/09/12 v5.6 Page Geometry
\Gm@cnth=\count127
\Gm@cntv=\count128
\c@Gm@tempcnt=\count129
\Gm@bindingoffset=\dimen130
\Gm@wd@mp=\dimen131
\Gm@odd@mp=\dimen132
\Gm@even@mp=\dimen133
\Gm@layoutwidth=\dimen134
\Gm@layoutheight=\dimen135
\Gm@layouthoffset=\dimen136
\Gm@layoutvoffset=\dimen137
\Gm@dimlist=\toks23
)
(/usr/share/texlive/texmf-dist/tex/latex/listings/lstlang1.sty
File: lstlang1.sty 2013/08/26 1.5b listings language file
)
(/usr/share/texlive/texmf-dist/tex/latex/listings/lstmisc.sty
File: lstmisc.sty 2013/08/26 1.5b (Carsten Heinz)
) (./LPi.aux
(./GPIO/GPIO-Pi.aux))
\openout1 = `LPi.aux'.

LaTeX Font Info:    Checking defaults for OML/cmm/m/it on input line 35.
LaTeX Font Info:    ... okay on input line 35.
LaTeX Font Info:    Checking defaults for T1/cmr/m/n on input line 35.
LaTeX Font Info:    ... okay on input line 35.
LaTeX Font Info:    Checking defaults for OT1/cmr/m/n on input line 35.
LaTeX Font Info:    ... okay on input line 35.
LaTeX Font Info:    Checking defaults for OMS/cmsy/m/n on input line 35.
LaTeX Font Info:    ... okay on input line 35.
LaTeX Font Info:    Checking defaults for OMX/cmex/m/n on input line 35.
LaTeX Font Info:    ... okay on input line 35.
LaTeX Font Info:    Checking defaults for U/cmr/m/n on input line 35.
LaTeX Font Info:    ... okay on input line 35.
LaTeX Font Info:    Checking defaults for T5/cmr/m/n on input line 35.
LaTeX Font Info:    ... okay on input line 35.
LaTeX Font Info:    Checking defaults for PD1/pdf/m/n on input line 35.
LaTeX Font Info:    ... okay on input line 35.
LaTeX Font Info:    Checking defaults for PU/pdf/m/n on input line 35.
LaTeX Font Info:    ... okay on input line 35.

(/usr/share/texlive/texmf-dist/tex/context/base/supp-pdf.mkii
[Loading MPS to PDF converter (version 2006.09.02).]
\scratchcounter=\count130
\scratchdimen=\dimen138
\scratchbox=\box30
\nofMPsegments=\count131
\nofMParguments=\count132
\everyMPshowfont=\toks24
\MPscratchCnt=\count133
\MPscratchDim=\dimen139
\MPnumerator=\count134
\makeMPintoPDFobject=\count135
\everyMPtoPDFconversion=\toks25
) (/usr/share/texlive/texmf-dist/tex/latex/oberdiek/epstopdf-base.sty
Package: epstopdf-base 2010/02/09 v2.5 Base part for package epstopdf

(/usr/share/texlive/texmf-dist/tex/latex/oberdiek/grfext.sty
Package: grfext 2010/08/19 v1.1 Manage graphics extensions (HO)
)
Package grfext Info: Graphics extension search list:
(grfext)             [.png,.pdf,.jpg,.mps,.jpeg,.jbig2,.jb2,.PNG,.PDF,.JPG,.JPE
G,.JBIG2,.JB2,.eps]
(grfext)             \AppendGraphicsExtensions on input line 452.

(/usr/share/texlive/texmf-dist/tex/latex/latexconfig/epstopdf-sys.cfg
File: epstopdf-sys.cfg 2010/07/13 v1.3 Configuration of (r)epstopdf for TeX Liv
e
))
Package caption Info: Begin \AtBeginDocument code.
Package caption Info: subfig package v1.3 is loaded.
Package caption Info: hyperref package is loaded.
Package caption Info: listings package is loaded.
Package caption Info: End \AtBeginDocument code.
\AtBeginShipoutBox=\box31
Package hyperref Info: Link coloring OFF on input line 35.

(/usr/share/texlive/texmf-dist/tex/latex/hyperref/nameref.sty
Package: nameref 2012/10/27 v2.43 Cross-referencing by name of section

(/usr/share/texlive/texmf-dist/tex/generic/oberdiek/gettitlestring.sty
Package: gettitlestring 2010/12/03 v1.4 Cleanup title references (HO)
)
\c@section@level=\count136
)
LaTeX Info: Redefining \ref on input line 35.
LaTeX Info: Redefining \pageref on input line 35.
LaTeX Info: Redefining \nameref on input line 35.

(./LPi.out) (./LPi.out)
\@outlinefile=\write3
\openout3 = `LPi.out'.

\c@lstlisting=\count137

*geometry* driver: auto-detecting
*geometry* detected driver: pdftex
*geometry* verbose mode - [ preamble ] result:
* driver: pdftex
* paper: a4paper
* layout: <same size as paper>
* layoutoffset:(h,v)=(0.0pt,0.0pt)
* modes: 
* h-part:(L,W,R)=(85.35826pt, 426.79135pt, 85.35826pt)
* v-part:(T,H,B)=(71.13188pt, 702.78308pt, 71.13188pt)
* \paperwidth=597.50787pt
* \paperheight=845.04684pt
* \textwidth=426.79135pt
* \textheight=702.78308pt
* \oddsidemargin=13.08827pt
* \evensidemargin=13.08827pt
* \topmargin=-38.1381pt
* \headheight=12.0pt
* \headsep=25.0pt
* \topskip=12.0pt
* \footskip=30.0pt
* \marginparwidth=35.0pt
* \marginparsep=10.0pt
* \columnsep=10.0pt
* \skip\footins=10.8pt plus 4.0pt minus 2.0pt
* \hoffset=0.0pt
* \voffset=0.0pt
* \mag=1000
* \@twocolumnfalse
* \@twosidefalse
* \@mparswitchfalse
* \@reversemarginfalse
* (1in=72.27pt=25.4mm, 1cm=28.453pt)

(./LPi.toc [1


{/var/lib/texmf/fonts/map/pdftex/updmap/pdftex.map}])
\tf@toc=\write4
\openout4 = `LPi.toc'.


(./setup-os/setup-os.tex [2]
Ch\h {u} \dj \`\ecircumflex  1.
<setup-os/images/Pi-H.jpg, id=275, 275.0275pt x 184.69pt>
File: setup-os/images/Pi-H.jpg Graphic file (type jpg)

<use setup-os/images/Pi-H.jpg>
Package pdftex.def Info: setup-os/images/Pi-H.jpg used on input line 8.
(pdftex.def)             Requested size: 137.51341pt x 92.34476pt.

<setup-os/images/SD-H.jpg, id=276, 250.9375pt x 250.9375pt>
File: setup-os/images/SD-H.jpg Graphic file (type jpg)

<use setup-os/images/SD-H.jpg>
Package pdftex.def Info: setup-os/images/SD-H.jpg used on input line 15.
(pdftex.def)             Requested size: 100.37321pt x 100.37321pt.
 [3

 <./setup-os/images/Pi-H.jpg> <./setup-os/images/SD-H.jpg>]
LaTeX Font Info:    Try loading font information for T5+cmtt on input line 27.
 (/usr/share/texlive/texmf-dist/tex/latex/vntex/t5cmtt.fd
File: t5cmtt.fd 1999/05/25 v2.5h Standard LaTeX font definitions
)
Overfull \hbox (6.87354pt too wide) in paragraph at lines 46--47
[]\T5/cmr/m/n/12 C i ^^_°t c¡c ph¦n m·m ð ph¦n chu©n bà, v½ dö: []\T5/cmtt/m/n/
12 SDFormatter \T5/cmr/m/n/12 v  []\T5/cmtt/m/n/12 Win32DiskImage\T5/cmr/m/n/12
 . 
 []

<setup-os/images/SDFormatter.png, id=286, 328.97906pt x 250.68657pt>
File: setup-os/images/SDFormatter.png Graphic file (type png)

<use setup-os/images/SDFormatter.png>
Package pdftex.def Info: setup-os/images/SDFormatter.png used on input line 51.

(pdftex.def)             Requested size: 131.5893pt x 100.27284pt.

<setup-os/images/Win32DiskImage.png, id=287, 319.1925pt x 161.85469pt>
File: setup-os/images/Win32DiskImage.png Graphic file (type png)

<use setup-os/images/Win32DiskImage.png>
Package pdftex.def Info: setup-os/images/Win32DiskImage.png used on input line 
58.
(pdftex.def)             Requested size: 159.59586pt x 80.92714pt.


LaTeX Warning: `!h' float specifier changed to `!ht'.

[4 <./setup-os/images/SDFormatter.png>]
Underfull \hbox (badness 10000) in paragraph at lines 66--67

 []

File: setup-os/images/SDFormatter.png Graphic file (type png)
<use setup-os/images/SDFormatter.png>
Package pdftex.def Info: setup-os/images/SDFormatter.png used on input line 75.

(pdftex.def)             Requested size: 131.5893pt x 100.27284pt.

<setup-os/images/NOOBS.png, id=294, 606.265pt x 466.74374pt>
File: setup-os/images/NOOBS.png Graphic file (type png)

<use setup-os/images/NOOBS.png>
Package pdftex.def Info: setup-os/images/NOOBS.png used on input line 83.
(pdftex.def)             Requested size: 303.13176pt x 233.37129pt.
 [5 <./setup-os/images/Win32DiskImage.png>]
Underfull \hbox (badness 10000) in paragraph at lines 90--91

 []

<setup-os/images/raspi.png, id=302, 1303.87125pt x 315.1775pt>
File: setup-os/images/raspi.png Graphic file (type png)

<use setup-os/images/raspi.png>
Package pdftex.def Info: setup-os/images/raspi.png used on input line 95.
(pdftex.def)             Requested size: 456.36177pt x 110.31377pt.

Overfull \hbox (29.57042pt too wide) in paragraph at lines 95--96
 [] 
 []

<setup-os/images/Time.png, id=303, 1303.87125pt x 310.15875pt>
File: setup-os/images/Time.png Graphic file (type png)

<use setup-os/images/Time.png>
Package pdftex.def Info: setup-os/images/Time.png used on input line 103.
(pdftex.def)             Requested size: 456.36177pt x 108.55717pt.

Overfull \hbox (29.57042pt too wide) in paragraph at lines 103--104
 [] 
 []

[6 <./setup-os/images/NOOBS.png> <./setup-os/images/raspi.png>]
<setup-os/images/lang.png, id=311, 1277.77374pt x 671.50874pt>
File: setup-os/images/lang.png Graphic file (type png)

<use setup-os/images/lang.png>
Package pdftex.def Info: setup-os/images/lang.png used on input line 113.
(pdftex.def)             Requested size: 447.22751pt x 235.03159pt.

Overfull \hbox (20.43616pt too wide) in paragraph at lines 113--114
 [] 
 []

LaTeX Font Info:    Try loading font information for T5+cmss on input line 115.

(/usr/share/texlive/texmf-dist/tex/latex/vntex/t5cmss.fd
File: t5cmss.fd 1999/05/25 v2.5h Standard LaTeX font definitions
)
Overfull \hbox (1.1569pt too wide) in paragraph at lines 110--117
[]\T5/cmr/m/n/12 ^^^êi []\T5/cmtt/m/n/12 en_GB.UTF-8 UTF-8 \T5/cmr/m/n/12 th nh
 []\T5/cmtt/m/n/12 en_US.UTF-8 UTF-8  \T5/cmr/m/n/12 (sû döng d§u c¡ch []\T5/cm
tt/m/n/12 space
 []

<setup-os/images/time-zone.png, id=312, 1257.69875pt x 436.63126pt>
File: setup-os/images/time-zone.png Graphic file (type png)

<use setup-os/images/time-zone.png>
Package pdftex.def Info: setup-os/images/time-zone.png used on input line 123.
(pdftex.def)             Requested size: 440.20116pt x 152.82323pt.

Overfull \hbox (13.4098pt too wide) in paragraph at lines 123--123
 [] 
 []

<setup-os/images/time-zone-2.png, id=313, 634.37pt x 670.505pt>
File: setup-os/images/time-zone-2.png Graphic file (type png)

<use setup-os/images/time-zone-2.png>
Package pdftex.def Info: setup-os/images/time-zone-2.png used on input line 125
.
(pdftex.def)             Requested size: 222.03282pt x 234.68027pt.


LaTeX Warning: `!h' float specifier changed to `!ht'.

[7 <./setup-os/images/Time.png> <./setup-os/images/lang.png>]
(/usr/share/texlive/texmf-dist/tex/latex/listings/lstlang1.sty
File: lstlang1.sty 2013/08/26 1.5b listings language file
)
(/usr/share/texlive/texmf-dist/tex/latex/listings/lstlang1.sty
File: lstlang1.sty 2013/08/26 1.5b listings language file
) [8 <./setup-os/images/time-zone.png> <./setup-os/images/time-zone-2.png>] [9]

<setup-os/images/ssh-setup.png, id=373, 1292.83pt x 305.14pt>
File: setup-os/images/ssh-setup.png Graphic file (type png)

<use setup-os/images/ssh-setup.png>
Package pdftex.def Info: setup-os/images/ssh-setup.png used on input line 200.
(pdftex.def)             Requested size: 452.49728pt x 106.80058pt.

Overfull \hbox (25.70593pt too wide) in paragraph at lines 200--201
 [] 
 []

<setup-os/images/a4-ssh.png, id=375, 1292.83pt x 307.1475pt>
File: setup-os/images/a4-ssh.png Graphic file (type png)

<use setup-os/images/a4-ssh.png>
Package pdftex.def Info: setup-os/images/a4-ssh.png used on input line 207.
(pdftex.def)             Requested size: 452.49728pt x 107.50323pt.

Overfull \hbox (25.70593pt too wide) in paragraph at lines 207--208
 [] 
 []

<setup-os/images/a4-ssh-2.png, id=377, 544.0325pt x 364.36125pt>
File: setup-os/images/a4-ssh-2.png Graphic file (type png)

<use setup-os/images/a4-ssh-2.png>
Package pdftex.def Info: setup-os/images/a4-ssh-2.png used on input line 214.
(pdftex.def)             Requested size: 190.41423pt x 127.52834pt.
) (./remote/remote-pi.tex [10 <./setup-os/images/ssh-setup.png> <./setup-os/ima
ges/a4-ssh.png> <./setup-os/images/a4-ssh-2.png>]
Ch\h {u} \dj \`\ecircumflex  2.
LaTeX Font Info:    Font shape `OMS/cmr/m/n' in size <12> not available
(Font)              Font shape `OMS/cmsy/m/n' tried instead on input line 5.
<remote/images/HDMI-VGA-white.jpg, id=385, 501.875pt x 501.875pt>
File: remote/images/HDMI-VGA-white.jpg Graphic file (type jpg)

<use remote/images/HDMI-VGA-white.jpg>
Package pdftex.def Info: remote/images/HDMI-VGA-white.jpg used on input line 14
.
(pdftex.def)             Requested size: 150.56366pt x 150.56366pt.

<remote/images/RS232-to-ttl.jpg, id=386, 702.625pt x 526.96875pt>
File: remote/images/RS232-to-ttl.jpg Graphic file (type jpg)

<use remote/images/RS232-to-ttl.jpg>
Package pdftex.def Info: remote/images/RS232-to-ttl.jpg used on input line 23.
(pdftex.def)             Requested size: 128.0387pt x 96.02425pt.

<remote/images/cap-usb-to-com.jpg, id=387, 602.25pt x 506.89375pt>
File: remote/images/cap-usb-to-com.jpg Graphic file (type jpg)

<use remote/images/cap-usb-to-com.jpg>
Package pdftex.def Info: remote/images/cap-usb-to-com.jpg used on input line 25
.
(pdftex.def)             Requested size: 128.0387pt x 107.7657pt.
 [11

 <./remote/images/HDMI-VGA-white.jpg>]
Overfull \hbox (6.73465pt too wide) in paragraph at lines 45--47
[][]\T5/cmtt/m/n/10 https://drive.google.com/file/d/0B6_x_4VdySxqVUJVVVlTTXZfaE
E/view?usp=sharing 
 []

<remote/images/COM7-Putty.png, id=395, 444.91219pt x 369.63094pt>
File: remote/images/COM7-Putty.png Graphic file (type png)

<use remote/images/COM7-Putty.png>
Package pdftex.def Info: remote/images/COM7-Putty.png used on input line 56.
(pdftex.def)             Requested size: 222.45554pt x 184.815pt.


LaTeX Warning: `!h' float specifier changed to `!ht'.

[12 <./remote/images/RS232-to-ttl.jpg> <./remote/images/cap-usb-to-com.jpg>]
<remote/images/Putty.png, id=405, 641.39626pt x 618.31pt>
File: remote/images/Putty.png Graphic file (type png)

<use remote/images/Putty.png>
Package pdftex.def Info: remote/images/Putty.png used on input line 64.
(pdftex.def)             Requested size: 256.55396pt x 247.31961pt.
 [13 <./remote/images/COM7-Putty.png> <./remote/images/Putty.png>]
<remote/images/cap-usb-to-com-pl2303.png, id=412, 648.4225pt x 485.815pt>
File: remote/images/cap-usb-to-com-pl2303.png Graphic file (type png)

<use remote/images/cap-usb-to-com-pl2303.png>
Package pdftex.def Info: remote/images/cap-usb-to-com-pl2303.png used on input 
line 84.
(pdftex.def)             Requested size: 194.52824pt x 145.74562pt.
 [14 <./remote/images/cap-usb-to-com-pl2303.png>]
<remote/images/FileZilla.png, id=421, 906.38625pt x 199.74625pt>
File: remote/images/FileZilla.png Graphic file (type png)

<use remote/images/FileZilla.png>
Package pdftex.def Info: remote/images/FileZilla.png used on input line 147.
(pdftex.def)             Requested size: 407.87004pt x 89.88498pt.


LaTeX Warning: `!h' float specifier changed to `!ht'.

[15] <remote/images/VNC-1.png, id=436, 553.06625pt x 509.905pt>
File: remote/images/VNC-1.png Graphic file (type png)

<use remote/images/VNC-1.png>
Package pdftex.def Info: remote/images/VNC-1.png used on input line 196.
(pdftex.def)             Requested size: 193.57608pt x 178.46942pt.

<remote/images/VNC-2.png, id=437, 555.07375pt x 509.905pt>
File: remote/images/VNC-2.png Graphic file (type png)

<use remote/images/VNC-2.png>
Package pdftex.def Info: remote/images/VNC-2.png used on input line 198.
(pdftex.def)             Requested size: 194.27872pt x 178.46942pt.


LaTeX Warning: `!h' float specifier changed to `!ht'.

<remote/images/VNC-3.png, id=439, 319.1925pt x 215.80624pt>
File: remote/images/VNC-3.png Graphic file (type png)

<use remote/images/VNC-3.png>
Package pdftex.def Info: remote/images/VNC-3.png used on input line 206.
(pdftex.def)             Requested size: 143.63528pt x 97.11191pt.


LaTeX Warning: `!h' float specifier changed to `!ht'.

) (./network/network-pi.tex [16 <./remote/images/FileZilla.png>] [17 <./remote/
images/VNC-1.png> <./remote/images/VNC-2.png> <./remote/images/VNC-3.png>]
Ch\h {u} \dj \`\ecircumflex  3.
<network/images/day-lan.jpg, id=462, 301.125pt x 266.9975pt>
File: network/images/day-lan.jpg Graphic file (type jpg)

<use network/images/day-lan.jpg>
Package pdftex.def Info: network/images/day-lan.jpg used on input line 6.
(pdftex.def)             Requested size: 120.44786pt x 106.79709pt.

<network/images/TL-WN725N.jpg, id=463, 592.2125pt x 444.66125pt>
File: network/images/TL-WN725N.jpg Graphic file (type jpg)

<use network/images/TL-WN725N.jpg>
Package pdftex.def Info: network/images/TL-WN725N.jpg used on input line 14.
(pdftex.def)             Requested size: 177.66512pt x 133.3994pt.

Overfull \hbox (22.66829pt too wide) in paragraph at lines 19--20
[]\T5/cmr/m/n/12 Tham kh£o t¤i: []\T5/cmtt/m/n/12 https://www.raspberrypi.org/f
orums/viewtopic.php?p=462982 
 []

[18

 <./network/images/day-lan.jpg> <./network/images/TL-WN725N.jpg>]
(/usr/share/texlive/texmf-dist/tex/latex/listings/lstlang1.sty
File: lstlang1.sty 2013/08/26 1.5b listings language file
)
(/usr/share/texlive/texmf-dist/tex/latex/listings/lstlang2.sty
File: lstlang2.sty 2013/08/26 1.5b listings language file
)
(/usr/share/texlive/texmf-dist/tex/latex/listings/lstmisc.sty
File: lstmisc.sty 2013/08/26 1.5b (Carsten Heinz)
)
Overfull \hbox (7.65443pt too wide) in paragraph at lines 34--35
[][][][][][][][][][][][][][][][][][]  
 []


Overfull \hbox (31.7258pt too wide) in paragraph at lines 54--56
[][]\T5/cmtt/m/n/10 http://weworkweplay.com/play/automatically-connect-a-raspbe
rry-pi-to-a-wifi-network/ 
 []


Underfull \hbox (badness 10000) in paragraph at lines 54--56

 []

[19]
Package hyperref Info: bookmark level for unknown lstlisting defaults to 0 on i
nput line 65.
 (./interfaces) (./wpa_supplicant.conf) [20]
<network/images/share-wifi-1.png, id=530, 402.50375pt x 331.2375pt>
File: network/images/share-wifi-1.png Graphic file (type png)

<use network/images/share-wifi-1.png>
Package pdftex.def Info: network/images/share-wifi-1.png used on input line 81.

(pdftex.def)             Requested size: 201.25137pt x 165.61833pt.

Overfull \hbox (47.21368pt too wide) in paragraph at lines 78--85
[]\T5/cmr/m/n/12 Trong thanh t¼m ki¸m []\T5/cmtt/m/n/12 Dash\T5/cmr/m/n/12 : gã
 v o []\T5/cmtt/m/n/12 Network Connections\T5/cmr/m/n/12 , chån []\T5/cmtt/m/n/
12 Network Connections
 []

<network/images/share-wifi-2.png, id=531, 403.5075pt x 333.245pt>
File: network/images/share-wifi-2.png Graphic file (type png)

<use network/images/share-wifi-2.png>
Package pdftex.def Info: network/images/share-wifi-2.png used on input line 88.

(pdftex.def)             Requested size: 201.75325pt x 166.62209pt.
 [21 <./network/images/share-wifi-1.png> <./network/images/share-wifi-2.png>]
<network/images/share-wifi-3.png, id=538, 644.4075pt x 283.0575pt>
File: network/images/share-wifi-3.png Graphic file (type png)

<use network/images/share-wifi-3.png>
Package pdftex.def Info: network/images/share-wifi-3.png used on input line 96.

(pdftex.def)             Requested size: 257.75844pt x 113.22098pt.

<network/images/share-wifi-4.png, id=539, 477.785pt x 492.84125pt>
File: network/images/share-wifi-4.png Graphic file (type png)

<use network/images/share-wifi-4.png>
Package pdftex.def Info: network/images/share-wifi-4.png used on input line 103
.
(pdftex.def)             Requested size: 191.11061pt x 197.133pt.

<network/images/share-wifi-5.png, id=541, 478.78876pt x 492.84125pt>
File: network/images/share-wifi-5.png Graphic file (type png)

<use network/images/share-wifi-5.png>
Package pdftex.def Info: network/images/share-wifi-5.png used on input line 110
.
(pdftex.def)             Requested size: 191.5121pt x 197.133pt.


LaTeX Warning: `!h' float specifier changed to `!ht'.

<network/images/share-wifi-6.png, id=543, 476.78125pt x 493.845pt>
File: network/images/share-wifi-6.png Graphic file (type png)

<use network/images/share-wifi-6.png>
Package pdftex.def Info: network/images/share-wifi-6.png used on input line 117
.
(pdftex.def)             Requested size: 238.39003pt x 246.92189pt.


LaTeX Warning: `!h' float specifier changed to `!ht'.

[22 <./network/images/share-wifi-3.png> <./network/images/share-wifi-4.png>])
(./login/login.tex [23 <./network/images/share-wifi-5.png> <./network/images/sh
are-wifi-6.png>]
Ch\h {u} \dj \`\ecircumflex  4.

Overfull \hbox (29.2566pt too wide) in paragraph at lines 5--9
[]\T5/cmss/m/n/12 http://www.raspberrypi-spy.co.uk/2015/02/how-to-autorun-a-pyt
hon-script-on-raspberry-
 []


Underfull \hbox (badness 10000) in paragraph at lines 5--9

 []


Underfull \hbox (badness 10000) in paragraph at lines 10--11

 []

) (./run-script-python/run-script-python.tex [24

]
Ch\h {u} \dj \`\ecircumflex  5.

Overfull \hbox (12.94145pt too wide) in paragraph at lines 16--17
\T5/cmr/m/n/12 root, ta ph£i ch¤y vîi quy·n root: dòng []\T5/cmtt/m/n/12 sudo p
ython \T5/cmr/m/n/12 ho°c []\T5/cmtt/m/n/12 sudo python file.py
 []

[25

]
<run-script-python/images/auto-run-python-1.png, id=584, 777.90625pt x 593.2162
5pt>
File: run-script-python/images/auto-run-python-1.png Graphic file (type png)
 <use run-script-python/images/auto-run-python-1.png>
Package pdftex.def Info: run-script-python/images/auto-run-python-1.png used on
 input line 45.
(pdftex.def)             Requested size: 388.95216pt x 296.60739pt.
 [26 <./run-script-python/images/auto-run-python-1.png>]
Overfull \hbox (29.2566pt too wide) in paragraph at lines 76--77
[]\T5/cmss/m/n/12 http://www.raspberrypi-spy.co.uk/2015/02/how-to-autorun-a-pyt
hon-script-on-raspberry-
 []


Underfull \hbox (badness 10000) in paragraph at lines 76--77

 []


Overfull \hbox (51.97037pt too wide) in paragraph at lines 96--97
[]\T5/cmss/m/n/12 http://www.instructables.com/id/Raspberry-Pi-Launch-Python-sc
ript-on-startup/?ALLSTEPS 
 []


Underfull \hbox (badness 10000) in paragraph at lines 96--97

 []

[27]) [28]
\openout2 = `GPIO/GPIO-Pi.aux'.

 (./GPIO/GPIO-Pi.tex
Ch\h {u} \dj \`\ecircumflex  6.

Underfull \hbox (badness 10000) in paragraph at lines 3--4

 []

<GPIO/images/PiA.jpg, id=638, 323.70938pt x 265.74281pt>
File: GPIO/images/PiA.jpg Graphic file (type jpg)

<use GPIO/images/PiA.jpg>
Package pdftex.def Info: GPIO/images/PiA.jpg used on input line 9.
(pdftex.def)             Requested size: 194.22713pt x 159.44691pt.

<GPIO/images/PiB.png, id=639, 318.18875pt x 433.62pt>
File: GPIO/images/PiB.png Graphic file (type png)

<use GPIO/images/PiB.png>
Package pdftex.def Info: GPIO/images/PiB.png used on input line 11.
(pdftex.def)             Requested size: 190.9147pt x 260.17401pt.

Overfull \hbox (17.86647pt too wide) in paragraph at lines 9--13
[][]  [][] 
 []

[29


 <./GPIO/images/PiA.jpg> <./GPIO/images/PiB.png>]
Overfull \hbox (23.92355pt too wide) in paragraph at lines 27--28
[]\T5/cmr/m/n/12 Model 40 ch¥n: gçm 17 ch¥n -- sè $\OT1/cmr/m/n/12 7\OML/cmm/m/
it/12 ; \OT1/cmr/m/n/12 11\OML/cmm/m/it/12 ; \OT1/cmr/m/n/12 12\OML/cmm/m/it/12
 ; \OT1/cmr/m/n/12 13\OML/cmm/m/it/12 ; \OT1/cmr/m/n/12 15\OML/cmm/m/it/12 ; \O
T1/cmr/m/n/12 16\OML/cmm/m/it/12 ; \OT1/cmr/m/n/12 18\OML/cmm/m/it/12 ; \OT1/cm
r/m/n/12 22\OML/cmm/m/it/12 ; \OT1/cmr/m/n/12 29\OML/cmm/m/it/12 ; \OT1/cmr/m/n
/12 31\OML/cmm/m/it/12 ; \OT1/cmr/m/n/12 32\OML/cmm/m/it/12 ; \OT1/cmr/m/n/12 3
3\OML/cmm/m/it/12 ; \OT1/cmr/m/n/12 35\OML/cmm/m/it/12 ; \OT1/cmr/m/n/12 36\OML
/cmm/m/it/12 ;$
 []

<GPIO/images/raspi-1.png, id=654, 508.14844pt x 322.20375pt>
File: GPIO/images/raspi-1.png Graphic file (type png)

<use GPIO/images/raspi-1.png>
Package pdftex.def Info: GPIO/images/raspi-1.png used on input line 50.
(pdftex.def)             Requested size: 228.66467pt x 144.99034pt.

<GPIO/images/raspi-2.png, id=655, 512.66531pt x 319.94531pt>
File: GPIO/images/raspi-2.png Graphic file (type png)

<use GPIO/images/raspi-2.png>
Package pdftex.def Info: GPIO/images/raspi-2.png used on input line 52.
(pdftex.def)             Requested size: 230.69725pt x 143.97404pt.

<GPIO/images/raspi-3.png, id=656, 507.39563pt x 319.94531pt>
File: GPIO/images/raspi-3.png Graphic file (type png)

<use GPIO/images/raspi-3.png>
Package pdftex.def Info: GPIO/images/raspi-3.png used on input line 54.
(pdftex.def)             Requested size: 228.32593pt x 143.97404pt.

<GPIO/images/raspi-4.png, id=657, 509.65407pt x 319.1925pt>
File: GPIO/images/raspi-4.png Graphic file (type png)

<use GPIO/images/raspi-4.png>
Package pdftex.def Info: GPIO/images/raspi-4.png used on input line 56.
(pdftex.def)             Requested size: 229.34221pt x 143.63528pt.

<GPIO/images/raspi-5.png, id=658, 509.65407pt x 318.43968pt>
File: GPIO/images/raspi-5.png Graphic file (type png)

<use GPIO/images/raspi-5.png>
Package pdftex.def Info: GPIO/images/raspi-5.png used on input line 58.
(pdftex.def)             Requested size: 229.34221pt x 143.29652pt.

<GPIO/images/raspi-6.png, id=659, 511.15968pt x 319.94531pt>
File: GPIO/images/raspi-6.png Graphic file (type png)

<use GPIO/images/raspi-6.png>
Package pdftex.def Info: GPIO/images/raspi-6.png used on input line 60.
(pdftex.def)             Requested size: 230.01971pt x 143.97404pt.

<GPIO/images/raspi-7.png, id=660, 507.39563pt x 319.1925pt>
File: GPIO/images/raspi-7.png Graphic file (type png)

<use GPIO/images/raspi-7.png>
Package pdftex.def Info: GPIO/images/raspi-7.png used on input line 62.
(pdftex.def)             Requested size: 228.32593pt x 143.63528pt.

<GPIO/images/raspi-8.png, id=661, 511.15968pt x 319.1925pt>
File: GPIO/images/raspi-8.png Graphic file (type png)

<use GPIO/images/raspi-8.png>
Package pdftex.def Info: GPIO/images/raspi-8.png used on input line 64.
(pdftex.def)             Requested size: 230.01971pt x 143.63528pt.

Overfull \hbox (63.6338pt too wide) in paragraph at lines 50--65
[][]  [][] 
 []


Overfull \hbox (61.94002pt too wide) in paragraph at lines 50--65
[][]  [][] 
 []


Overfull \hbox (63.6338pt too wide) in paragraph at lines 50--65
[][]  [][] 
 []


Overfull \hbox (62.61752pt too wide) in paragraph at lines 50--65
[][]  [][] 
 []


Underfull \hbox (badness 10000) in paragraph at lines 50--65

 []


LaTeX Warning: Float too large for page by 7.4106pt on input line 67.

[30] [31 <./GPIO/images/raspi-1.png> <./GPIO/images/raspi-2.png> <./GPIO/images
/raspi-3.png> <./GPIO/images/raspi-4.png> <./GPIO/images/raspi-5.png> <./GPIO/i
mages/raspi-6.png> <./GPIO/images/raspi-7.png> <./GPIO/images/raspi-8.png>]
<GPIO/images/raspi-9.png, id=681, 509.65407pt x 319.94531pt>
File: GPIO/images/raspi-9.png Graphic file (type png)

<use GPIO/images/raspi-9.png>
Package pdftex.def Info: GPIO/images/raspi-9.png used on input line 74.
(pdftex.def)             Requested size: 254.8264pt x 159.97226pt.

<GPIO/images/raspi-10.png, id=682, 511.9125pt x 321.45094pt>
File: GPIO/images/raspi-10.png Graphic file (type png)

<use GPIO/images/raspi-10.png>
Package pdftex.def Info: GPIO/images/raspi-10.png used on input line 84.
(pdftex.def)             Requested size: 255.95563pt x 160.72507pt.

Overfull \hbox (30.21924pt too wide) in paragraph at lines 81--87
[]\T5/cmr/m/n/12 Th¶m d§u []\T5/cmtt/m/n/12 # \T5/cmr/m/n/12 v o tr÷îc 2 dáng: 
[]\T5/cmtt/m/n/12 blacklist spi-bcm2708 \T5/cmr/m/n/12 v  []\T5/cmtt/m/n/12 bla
cklist i2c-bcm2708
 []


Underfull \hbox (badness 10000) in paragraph at lines 90--91

 []


Underfull \hbox (badness 10000) in paragraph at lines 92--93

 []

[32 <./GPIO/images/raspi-9.png> <./GPIO/images/raspi-10.png>]
Overfull \hbox (30.21924pt too wide) in paragraph at lines 100--101
[]\T5/cmr/m/n/12 Th¶m d§u []\T5/cmtt/m/n/12 # \T5/cmr/m/n/12 v o tr÷îc 2 dáng: 
[]\T5/cmtt/m/n/12 blacklist spi-bcm2708 \T5/cmr/m/n/12 v  []\T5/cmtt/m/n/12 bla
cklist i2c-bcm2708
 []


Underfull \hbox (badness 10000) in paragraph at lines 105--106

 []

(/usr/share/texlive/texmf-dist/tex/latex/listings/lstlang1.sty
File: lstlang1.sty 2013/08/26 1.5b listings language file
) [33] [34]
[35] [36]
Overfull \hbox (10.20744pt too wide) in paragraph at lines 273--274
[]\T5/cmr/m/n/12 H m []\T5/cmtt/m/n/12 remove_event_detect()\T5/cmr/m/n/12 : kh
æng sû döng chùc cõa h m []\T5/cmtt/m/n/12 event_detected()
 []

[37])
Package atveryend Info: Empty hook `BeforeClearDocument' on input line 45.
Package atveryend Info: Empty hook `AfterLastShipout' on input line 45.
 (./LPi.aux (./GPIO/GPIO-Pi.aux))
Package atveryend Info: Executing hook `AtVeryEndDocument' on input line 45.
Package atveryend Info: Executing hook `AtEndAfterFileList' on input line 45.
Package rerunfilecheck Info: File `LPi.out' has not changed.
(rerunfilecheck)             Checksum: DD79AC2ED0B2A1762994ED2546F98402;12923.


LaTeX Warning: Label(s) may have changed. Rerun to get cross-references right.

Package atveryend Info: Empty hook `AtVeryVeryEnd' on input line 45.
 ) 
Here is how much of TeX's memory you used:
 14864 strings out of 493304
 209125 string characters out of 6139871
 340381 words of memory out of 5000000
 17649 multiletter control sequences out of 15000+600000
 26307 words of font info for 59 fonts, out of 8000000 for 9000
 957 hyphenation exceptions out of 8191
 44i,11n,51p,594b,1997s stack positions out of 5000i,500n,10000p,200000b,80000s
</usr/share/texlive/texmf-dist/fonts/type1/public/amsfonts/cm/cmmi12.pfb></us
r/share/texlive/texmf-dist/fonts/type1/public/amsfonts/cm/cmr12.pfb></usr/share
/texlive/texmf-dist/fonts/type1/public/amsfonts/cm/cmsy10.pfb></usr/share/texli
ve/texmf-dist/fonts/type1/vntex/vnr/vnbx12.pfb></usr/share/texlive/texmf-dist/f
onts/type1/vntex/vnr/vnr10.pfb></usr/share/texlive/texmf-dist/fonts/type1/vntex
/vnr/vnr12.pfb></usr/share/texlive/texmf-dist/fonts/type1/vntex/vnr/vnr6.pfb></
usr/share/texlive/texmf-dist/fonts/type1/vntex/vnr/vnr7.pfb></usr/share/texlive
/texmf-dist/fonts/type1/vntex/vnr/vnr8.pfb></usr/share/texlive/texmf-dist/fonts
/type1/vntex/vnr/vnss10.pfb></usr/share/texlive/texmf-dist/fonts/type1/vntex/vn
r/vnss12.pfb></usr/share/texlive/texmf-dist/fonts/type1/vntex/vnr/vnti12.pfb></
usr/share/texlive/texmf-dist/fonts/type1/vntex/vnr/vntt10.pfb></usr/share/texli
ve/texmf-dist/fonts/type1/vntex/vnr/vntt12.pfb>
Output written on LPi.pdf (37 pages, 1955577 bytes).
PDF statistics:
 991 PDF objects out of 1000 (max. 8388607)
 883 compressed objects within 9 object streams
 432 named destinations out of 1000 (max. 500000)
 629 words of extra memory for PDF output out of 10000 (max. 10000000)

