\BOOKMARK [0][-]{chapter.1}{\376\377\001\020\000i\036\301\000u\000\040\000k\000h\000i\036\303\000n\000\040\000v\000\340\000\040\000s\000a\000o\000\040\000c\000h\000\351\000p\000\040\000d\036\357\000\040\000l\000i\036\307\000u\000\040\000v\036\333\000i\000\040\000R\000a\000s\000p\000b\000e\000r\000r\000y\000\040\000P\000i}{}% 1
\BOOKMARK [1][-]{section.1.1}{\376\377\001\020\000i\036\301\000u\000\040\000k\000h\000i\036\303\000n\000\040\000b\036\261\000n\000g\000\040\000c\000\341\000c\000h\000\040\000k\036\277\000t\000\040\000n\036\321\000i\000\040\000t\000r\036\361\000c\000\040\000t\000i\036\277\000p\000\040\000v\036\333\000i\000\040\000m\000\340\000n\000\040\000h\000\354\000n\000h\000,\000\040\000b\000\340\000n\000\040\000p\000h\000\355\000m\000\040\000v\000\340\000\040\000c\000h\000u\036\331\000t}{chapter.1}% 2
\BOOKMARK [2][-]{subsection.1.1.1}{\376\377\000M\000\340\000n\000\040\000h\000\354\000n\000h\000\040\000h\036\325\000\040\000t\000r\036\343\000\040\000c\036\325\000n\000g\000\040\000H\000D\000M\000I}{section.1.1}% 3
\BOOKMARK [2][-]{subsection.1.1.2}{\376\377\000M\000\340\000n\000\040\000h\000\354\000n\000h\000\040\000h\036\325\000\040\000t\000r\036\343\000\040\000c\036\325\000n\000g\000\040\000V\000G\000A}{section.1.1}% 4
\BOOKMARK [1][-]{section.1.2}{\376\377\001\020\000i\036\301\000u\000\040\000k\000h\000i\036\303\000n\000\040\000b\036\261\000n\000g\000\040\000g\000i\000a\000o\000\040\000t\000i\036\277\000p\000\040\000n\036\321\000i\000\040\000t\000i\036\277\000p\000\040\000t\000h\000\364\000n\000g\000\040\000q\000u\000a\000\040\000c\036\325\000n\000g\000\040\000R\000S\0002\0003\0002}{chapter.1}% 5
\BOOKMARK [1][-]{section.1.3}{\376\377\001\020\000i\036\301\000u\000\040\000k\000h\000i\036\303\000n\000\040\000b\036\261\000n\000g\000\040\000g\000i\000a\000o\000\040\000t\000i\036\277\000p\000\040\000n\036\321\000i\000\040\000t\000i\036\277\000p\000\040\000t\000h\000\364\000n\000g\000\040\000q\000u\000a\000\040\000c\000\341\000p\000\040\000U\000S\000B\000\040\000t\000o\000\040\000C\000O\000M\000\040\000P\000L\0002\0003\0000\0003}{chapter.1}% 6
\BOOKMARK [1][-]{section.1.4}{\376\377\001\020\000i\036\301\000u\000\040\000k\000h\000i\036\303\000n\000\040\000t\036\353\000\040\000x\000a\000\040\000k\000h\000i\000\040\000R\000a\000s\000p\000b\000e\000r\000r\000y\000\040\000P\000i\000\040\000c\000\363\000\040\000k\036\277\000t\000\040\000n\036\321\000i\000\040\000m\036\241\000n\000g}{chapter.1}% 7
\BOOKMARK [0][-]{chapter.2}{\376\377\000M\036\241\000n\000g\000\040\000I\000n\000t\000e\000r\000n\000e\000t\000\040\000v\036\333\000i\000\040\000R\000a\000s\000p\000b\000e\000r\000r\000y\000\040\000P\000i}{}% 8
\BOOKMARK [1][-]{section.2.1}{\376\377\000K\036\277\000t\000\040\000n\036\321\000i\000\040\000i\000n\000t\000e\000r\000n\000e\000t\000\040\000v\036\333\000i\000\040\000d\000\342\000y\000\040\000m\036\241\000n\000g\000\040\000L\000A\000N}{chapter.2}% 9
\BOOKMARK [1][-]{section.2.2}{\376\377\000K\036\277\000t\000\040\000n\036\321\000i\000\040\000i\000n\000t\000e\000r\000n\000e\000t\000\040\000v\036\333\000i\000\040\000U\000S\000B\000\040\000W\000i\000f\000i}{chapter.2}% 10
\BOOKMARK [2][-]{subsection.2.2.1}{\376\377\000C\000\340\000i\000\040\001\021\036\267\000t\000\040\000D\000r\000i\000v\000e\000r}{section.2.2}% 11
\BOOKMARK [2][-]{subsection.2.2.2}{\376\377\000C\000\340\000i\000\040\001\021\036\267\000t\000\040\001\021\036\313\000a\000\040\000c\000h\036\311\000\040\000I\000P\000\040\000t\001\051\000n\000h}{section.2.2}% 12
\BOOKMARK [1][-]{section.2.3}{\376\377\000S\036\355\000\040\000d\036\345\000n\000g\000\040\000c\000h\000u\000n\000g\000\040\000W\000i\000f\000i\000\040\000v\036\333\000i\000\040\000L\000a\000p\000t\000o\000p}{chapter.2}% 13
\BOOKMARK [2][-]{subsection.2.3.1}{\376\377\000H\036\307\000\040\001\021\000i\036\301\000u\000\040\000h\000\340\000n\000h\000\040\000U\000b\000u\000n\000t\000u}{section.2.3}% 14
\BOOKMARK [0][-]{chapter.3}{\376\377\000T\036\361\000\040\001\021\036\331\000n\000g\000\040\001\021\001\003\000n\000g\000\040\000n\000h\036\255\000p\000\040\000R\000a\000s\000p\000b\000e\000r\000r\000y\000\040\000P\000i\000\040\000s\000a\000u\000\040\000k\000h\000i\000\040\000k\000h\036\337\000i\000\040\001\021\036\331\000n\000g}{}% 15
\BOOKMARK [0][-]{chapter.4}{\376\377\000C\000h\036\241\000y\000\040\000c\000h\001\260\001\241\000n\000g\000\040\000t\000r\000\354\000n\000h\000\040\000P\000y\000t\000h\000o\000n\000\040\000t\000r\000\352\000n\000\040\000R\000a\000s\000p\000b\000e\000r\000r\000y\000\040\000P\000i}{}% 16
\BOOKMARK [1][-]{section.4.1}{\376\377\000P\000y\000t\000h\000o\000n\000\040\000t\000r\000\352\000n\000\040\000R\000a\000s\000p\000b\000e\000r\000r\000y\000\040\000P\000i}{chapter.4}% 17
\BOOKMARK [1][-]{section.4.2}{\376\377\000T\036\361\000\040\001\021\036\331\000n\000g\000\040\000c\000h\036\241\000y\000\040\000m\036\331\000t\000\040\000c\000h\001\260\001\241\000n\000g\000\040\000t\000r\000\354\000n\000h\000\040\000p\000y\000t\000h\000o\000n\000\040\000s\000a\000u\000\040\000k\000h\000i\000\040\000R\000e\000b\000o\000o\000t}{chapter.4}% 18
\BOOKMARK [2][-]{subsection.4.2.1}{\376\377\000S\036\355\000\040\000d\036\345\000n\000g\000\040\000c\000r\000o\000n}{section.4.2}% 19
\BOOKMARK [2][-]{subsection.4.2.2}{\376\377\000S\036\355\000\040\000d\036\345\000n\000g\000\040\000p\000r\000o\000f\000i\000l\000e}{section.4.2}% 20
\BOOKMARK [2][-]{subsection.4.2.3}{\376\377\000S\036\355\000\040\000d\036\345\000n\000g\000\040\000c\000r\000o\000n\000\040\000k\036\277\000t\000\040\000h\036\343\000p\000\040\000v\036\333\000i\000\040\000t\036\241\000o\000\040\000f\000i\000l\000e\000\040\000.\000s\000h}{section.4.2}% 21
\BOOKMARK [0][-]{chapter.5}{\376\377\001\020\000i\036\301\000u\000\040\000k\000h\000i\036\303\000n\000\040\000p\000h\036\247\000n\000\040\000c\036\351\000n\000g\000\040\000q\000u\000a\000\040\000c\000\341\000c\000\040\000c\000h\000\342\000n\000\040\000G\000P\000I\000O}{}% 22
\BOOKMARK [1][-]{section.5.1}{\376\377\000G\000i\036\333\000i\000\040\000t\000h\000i\036\307\000u}{chapter.5}% 23
\BOOKMARK [1][-]{section.5.2}{\376\377\000M\000\364\000\040\000t\036\243\000\040\000c\000h\036\351\000c\000\040\000n\001\003\000n\000g\000\040\000c\036\347\000a\000\040\000c\000\341\000c\000\040\000n\000h\000\363\000m\000\040\000c\000h\000\342\000n}{chapter.5}% 24
\BOOKMARK [1][-]{section.5.3}{\376\377\000C\000\341\000c\000\040\000c\000\340\000i\000\040\001\021\036\267\000t\000\040\000v\000\340\000\040\000c\036\245\000u\000\040\000h\000\354\000n\000h\000\040\000c\036\247\000n\000\040\000t\000h\000i\036\277\000t\000\040\001\021\036\303\000\040\000s\036\355\000\040\000d\036\345\000n\000g\000\040\001\021\001\260\036\343\000c\000\040\000c\000\341\000c\000\040\000c\000h\000\342\000n\000\040\000G\000P\000I\000O}{chapter.5}% 25
\BOOKMARK [2][-]{subsection.5.3.1}{\376\377\000C\000\340\000i\000\040\001\021\036\267\000t\000\040\000t\000h\001\260\000\040\000v\000i\036\307\000n\000\040\000R\000P\000i\000.\000G\000P\000I\000O}{section.5.3}% 26
\BOOKMARK [2][-]{subsection.5.3.2}{\376\377\000X\000\341\000c\000\040\000n\000h\036\255\000n\000\040\000c\036\245\000u\000\040\000h\000\354\000n\000h\000\040\000I\0002\000C}{section.5.3}% 27
\BOOKMARK [2][-]{subsection.5.3.3}{\376\377\000X\000\341\000c\000\040\000n\000h\036\255\000n\000\040\000c\036\245\000u\000\040\000h\000\354\000n\000h\000\040\000S\000P\000I}{section.5.3}% 28
\BOOKMARK [1][-]{section.5.4}{\376\377\000S\036\355\000\040\000d\036\345\000n\000g\000\040\000c\000\341\000c\000\040\000c\000h\000\342\000n\000\040\000G\000P\000I\000O\000\040\001\021\036\303\000\040\001\021\000i\036\301\000u\000\040\000k\000h\000i\036\303\000n\000\040\000p\000h\036\247\000n\000\040\000c\036\351\000n\000g\000\040\000c\000\371\000n\000g\000\040\000v\036\333\000i\000\040\000n\000g\000\364\000n\000\040\000n\000g\036\357\000\040\000l\036\255\000p\000\040\000t\000r\000\354\000n\000h\000\040\000P\000y\000t\000h\000o\000n}{chapter.5}% 29
\BOOKMARK [2][-]{subsection.5.4.1}{\376\377\000K\000i\036\303\000m\000\040\000t\000r\000a\000\040\000c\000h\036\351\000c\000\040\000n\001\003\000n\000g\000\040\000c\036\347\000a\000\040\000c\000\341\000c\000\040\000c\000h\000\342\000n\000\040\000G\000P\000I\000O}{section.5.4}% 30
\BOOKMARK [2][-]{subsection.5.4.2}{\376\377\000C\000\341\000c\000\040\000l\036\307\000n\000h\000\040\000c\001\241\000\040\000b\036\243\000n\000\040\000t\000r\000o\000n\000g\000\040\000t\000h\001\260\000\040\000v\000i\036\307\000n\000\040\000R\000P\000i\000.\000G\000P\000I\000O}{section.5.4}% 31
\BOOKMARK [2][-]{subsection.5.4.3}{\376\377\000N\000g\036\257\000t\000\040\000v\000\340\000\040\000p\000h\000\341\000t\000\040\000h\000i\036\307\000n\000\040\000t\000\355\000n\000\040\000h\000i\036\307\000u\000\040\000c\036\241\000n\000h}{section.5.4}% 32
\BOOKMARK [2][-]{subsection.5.4.4}{\376\377\000S\036\355\000\040\000d\036\345\000n\000g\000\040\000c\000h\000\342\000n\000\040\000G\000P\000I\000O\000\040\000v\036\333\000i\000\040\000c\000h\036\351\000c\000\040\000n\001\003\000n\000g\000\040\000P\000W\000M}{section.5.4}% 33
